\BOOKMARK [1][-]{section.1}{\376\377\000O\000v\000e\000r\000v\000i\000e\000w}{}% 1
\BOOKMARK [1][-]{section.2}{\376\377\000Q\000u\000e\000s\000t\000i\000o\000n\000s\000\040\000a\000n\000d\000\040\000A\000n\000s\000w\000e\000r\000s}{}% 2
\BOOKMARK [2][-]{subsection.2.1}{\376\377\000Q\000u\000e\000s\000t\000i\000o\000n\000\040\0001}{section.2}% 3
\BOOKMARK [3][-]{subsubsection.2.1.1}{\376\377\000C\000o\000m\000m\000a\000n\000d\000\040\000U\000s\000e\000d}{subsection.2.1}% 4
\BOOKMARK [3][-]{subsubsection.2.1.2}{\376\377\000O\000u\000t\000p\000u\000t\000\040\000O\000b\000t\000a\000i\000n\000e\000d}{subsection.2.1}% 5
\BOOKMARK [3][-]{subsubsection.2.1.3}{\376\377\000A\000n\000s\000w\000e\000r}{subsection.2.1}% 6
\BOOKMARK [2][-]{subsection.2.2}{\376\377\000Q\000u\000e\000s\000t\000i\000o\000n\000\040\0002}{section.2}% 7
\BOOKMARK [3][-]{subsubsection.2.2.1}{\376\377\000A\000n\000s\000w\000e\000r}{subsection.2.2}% 8
\BOOKMARK [2][-]{subsection.2.3}{\376\377\000Q\000u\000e\000s\000t\000i\000o\000n\000\040\0003}{section.2}% 9
\BOOKMARK [3][-]{subsubsection.2.3.1}{\376\377\000C\000o\000m\000m\000a\000n\000d\000\040\000U\000s\000e\000d}{subsection.2.3}% 10
\BOOKMARK [3][-]{subsubsection.2.3.2}{\376\377\000O\000u\000t\000p\000u\000t\000\040\000O\000b\000t\000a\000i\000n\000e\000d}{subsection.2.3}% 11
\BOOKMARK [3][-]{subsubsection.2.3.3}{\376\377\000A\000n\000s\000w\000e\000r}{subsection.2.3}% 12
\BOOKMARK [2][-]{subsection.2.4}{\376\377\000Q\000u\000e\000s\000t\000i\000o\000n\000\040\0004}{section.2}% 13
\BOOKMARK [3][-]{subsubsection.2.4.1}{\376\377\000A\000n\000s\000w\000e\000r}{subsection.2.4}% 14
\BOOKMARK [2][-]{subsection.2.5}{\376\377\000Q\000u\000e\000s\000t\000i\000o\000n\000\040\0005}{section.2}% 15
\BOOKMARK [3][-]{subsubsection.2.5.1}{\376\377\000C\000o\000m\000m\000a\000n\000d\000\040\000U\000s\000e\000d}{subsection.2.5}% 16
\BOOKMARK [3][-]{subsubsection.2.5.2}{\376\377\000O\000u\000t\000p\000u\000t\000\040\000O\000b\000t\000a\000i\000n\000e\000d}{subsection.2.5}% 17
\BOOKMARK [3][-]{subsubsection.2.5.3}{\376\377\000A\000n\000s\000w\000e\000r}{subsection.2.5}% 18
\BOOKMARK [2][-]{subsection.2.6}{\376\377\000Q\000u\000e\000s\000t\000i\000o\000n\000\040\0006}{section.2}% 19
\BOOKMARK [3][-]{subsubsection.2.6.1}{\376\377\000A\000n\000s\000w\000e\000r}{subsection.2.6}% 20
\BOOKMARK [2][-]{subsection.2.7}{\376\377\000Q\000u\000e\000s\000t\000i\000o\000n\000\040\0007}{section.2}% 21
\BOOKMARK [3][-]{subsubsection.2.7.1}{\376\377\000A\000t\000t\000e\000m\000p\000t\000e\000d\000\040\000C\000o\000m\000m\000a\000n\000d}{subsection.2.7}% 22
\BOOKMARK [3][-]{subsubsection.2.7.2}{\376\377\000O\000u\000t\000p\000u\000t\000\040\000O\000b\000t\000a\000i\000n\000e\000d}{subsection.2.7}% 23
\BOOKMARK [3][-]{subsubsection.2.7.3}{\376\377\000A\000n\000s\000w\000e\000r}{subsection.2.7}% 24
\BOOKMARK [1][-]{section.3}{\376\377\000C\000o\000n\000c\000l\000u\000s\000i\000o\000n}{}% 25
\BOOKMARK [1][-]{section.4}{\376\377\000R\000e\000f\000e\000r\000e\000n\000c\000e\000s}{}% 26
